<?xml version="1.0" encoding="UTF-8"?>
<testng-results skipped="0" failed="0" ignored="0" total="1" passed="1">
  <reporter-output>
  </reporter-output>
  <suite name="Command line suite" duration-ms="24" started-at="2017-04-27T23:47:24Z" finished-at="2017-04-27T23:47:24Z">
    <groups>
    </groups>
    <test name="Command line test" duration-ms="24" started-at="2017-04-27T23:47:24Z" finished-at="2017-04-27T23:47:24Z">
      <class name="com.globant.bootcampAutomation.AppTest">
        <test-method status="PASS" signature="testApp()[pri:0, instance:testApp(com.globant.bootcampAutomation.AppTest)]" name="testApp" duration-ms="4" started-at="2017-04-27T18:47:24Z" finished-at="2017-04-27T18:47:24Z">
          <reporter-output>
          </reporter-output>
        </test-method> <!-- testApp -->
      </class> <!-- com.globant.bootcampAutomation.AppTest -->
    </test> <!-- Command line test -->
  </suite> <!-- Command line suite -->
</testng-results>
